c:\users\yh\source\repos\read_lua\vsproject\bin\lualib.pdb
c:\users\yh\source\repos\read_lua\vsproject\bin\lualib.idb
c:\users\yh\source\repos\read_lua\vsproject\lualib\x64\debug\lobject.obj
c:\users\yh\source\repos\read_lua\vsproject\lualib\x64\debug\loadlib.obj
c:\users\yh\source\repos\read_lua\vsproject\lualib\x64\debug\lmem.obj
c:\users\yh\source\repos\read_lua\vsproject\lualib\x64\debug\lmathlib.obj
c:\users\yh\source\repos\read_lua\vsproject\lualib\x64\debug\llex.obj
c:\users\yh\source\repos\read_lua\vsproject\lualib\x64\debug\liolib.obj
c:\users\yh\source\repos\read_lua\vsproject\lualib\x64\debug\linit.obj
c:\users\yh\source\repos\read_lua\vsproject\lualib\x64\debug\lgc.obj
c:\users\yh\source\repos\read_lua\vsproject\lualib\x64\debug\lfunc.obj
c:\users\yh\source\repos\read_lua\vsproject\lualib\x64\debug\ldump.obj
c:\users\yh\source\repos\read_lua\vsproject\lualib\x64\debug\ldo.obj
c:\users\yh\source\repos\read_lua\vsproject\lualib\x64\debug\ldebug.obj
c:\users\yh\source\repos\read_lua\vsproject\lualib\x64\debug\ldblib.obj
c:\users\yh\source\repos\read_lua\vsproject\lualib\x64\debug\lctype.obj
c:\users\yh\source\repos\read_lua\vsproject\lualib\x64\debug\lcorolib.obj
c:\users\yh\source\repos\read_lua\vsproject\lualib\x64\debug\lcode.obj
c:\users\yh\source\repos\read_lua\vsproject\lualib\x64\debug\lbaselib.obj
c:\users\yh\source\repos\read_lua\vsproject\lualib\x64\debug\lauxlib.obj
c:\users\yh\source\repos\read_lua\vsproject\lualib\x64\debug\lapi.obj
c:\users\yh\source\repos\read_lua\vsproject\lualib\x64\debug\gdb_print.obj
c:\users\yh\source\repos\read_lua\vsproject\lualib\x64\debug\lzio.obj
c:\users\yh\source\repos\read_lua\vsproject\lualib\x64\debug\lvm.obj
c:\users\yh\source\repos\read_lua\vsproject\lualib\x64\debug\lutf8lib.obj
c:\users\yh\source\repos\read_lua\vsproject\lualib\x64\debug\lundump.obj
c:\users\yh\source\repos\read_lua\vsproject\lualib\x64\debug\ltm.obj
c:\users\yh\source\repos\read_lua\vsproject\lualib\x64\debug\ltablib.obj
c:\users\yh\source\repos\read_lua\vsproject\lualib\x64\debug\ltable.obj
c:\users\yh\source\repos\read_lua\vsproject\lualib\x64\debug\lstrlib.obj
c:\users\yh\source\repos\read_lua\vsproject\lualib\x64\debug\lstring.obj
c:\users\yh\source\repos\read_lua\vsproject\lualib\x64\debug\lstate.obj
c:\users\yh\source\repos\read_lua\vsproject\lualib\x64\debug\lparser.obj
c:\users\yh\source\repos\read_lua\vsproject\lualib\x64\debug\loslib.obj
c:\users\yh\source\repos\read_lua\vsproject\lualib\x64\debug\lopcodes.obj
c:\users\yh\source\repos\read_lua\vsproject\bin\lualib.lib
c:\users\yh\source\repos\read_lua\vsproject\lualib\x64\debug\lualib.tlog\cl.command.1.tlog
c:\users\yh\source\repos\read_lua\vsproject\lualib\x64\debug\lualib.tlog\cl.read.1.tlog
c:\users\yh\source\repos\read_lua\vsproject\lualib\x64\debug\lualib.tlog\cl.write.1.tlog
c:\users\yh\source\repos\read_lua\vsproject\lualib\x64\debug\lualib.tlog\lib-link.read.1.tlog
c:\users\yh\source\repos\read_lua\vsproject\lualib\x64\debug\lualib.tlog\lib-link.write.1.tlog
c:\users\yh\source\repos\read_lua\vsproject\lualib\x64\debug\lualib.tlog\lib.command.1.tlog
